<?xml version="1.0" encoding="UTF-8"?>
<testsuite name="DollarCalculatorTest" tests="2" skipped="0" failures="0" errors="0" timestamp="2021-05-07T05:23:21" hostname="song-gyeong-geun-ui-iMac.local" time="0.256">
  <properties/>
  <testcase name="dollar()" classname="DollarCalculatorTest" time="0.253"/>
  <testcase name="mockTest()" classname="DollarCalculatorTest" time="0.002"/>
  <system-out><![CDATA[]]></system-out>
  <system-err><![CDATA[]]></system-err>
</testsuite>
